<?xml version="1.0" encoding="utf-8"?><testsuites name="pytest tests"><testsuite name="pytest" errors="0" failures="2" skipped="0" tests="41" time="10.599" timestamp="2026-08-25T20:31:22.981590+00:00" hostname="agent-env-d6587c03-ef45-4268-b26a-f5c342c3bcf9"><testcase classname="tests.backend_test.TestProducts" name="test_default_listing" time="0.539" /><testcase classname="tests.backend_test.TestAuth" name="test_register_sets_cookies" time="0.540" /><testcase classname="tests.backend_test.TestProducts" name="test_department_filter[fashion]" time="0.107" /><testcase classname="tests.backend_test.TestAuth" name="test_register_duplicate" time="0.248" /><testcase classname="tests.backend_test.TestProducts" name="test_department_filter[electronics]" time="0.101" /><testcase classname="tests.backend_test.TestProducts" name="test_department_filter[home]" time="0.087" /><testcase classname="tests.backend_test.TestAuth" name="test_register_short_password" time="0.208" /><testcase classname="tests.backend_test.TestProducts" name="test_department_filter[books]" time="0.094" /><testcase classname="tests.backend_test.TestProducts" name="test_department_filter[sports]" time="0.104" /><testcase classname="tests.backend_test.TestAuth" name="test_register_bad_email" time="0.195" /><testcase classname="tests.backend_test.TestProducts" name="test_department_filter[toys]" time="0.099" /><testcase classname="tests.backend_test.TestProducts" name="test_low_prices" time="0.155" /><testcase classname="tests.backend_test.TestAuth" name="test_login_admin" time="0.444" /><testcase classname="tests.backend_test.TestProducts" name="test_search" time="0.396" /><testcase classname="tests.backend_test.TestAuth" name="test_login_wrong_password" time="0.427" /><testcase classname="tests.backend_test.TestProducts" name="test_search_no_match" time="0.092" /><testcase classname="tests.backend_test.TestProducts" name="test_sort_price_asc" time="0.299" /><testcase classname="tests.backend_test.TestAuth" name="test_login_unknown_user" time="0.175" /><testcase classname="tests.backend_test.TestProducts" name="test_sort_price_desc" time="0.081" /><testcase classname="tests.backend_test.TestProducts" name="test_sort_rating" time="0.110" /><testcase classname="tests.backend_test.TestAuth" name="test_me_unauthenticated" time="0.159" /><testcase classname="tests.backend_test.TestProducts" name="test_pagination" time="0.174" /><testcase classname="tests.backend_test.TestAuth" name="test_me_invalid_token" time="0.269" /><testcase classname="tests.backend_test.TestProducts" name="test_product_detail_and_related" time="0.174" /><testcase classname="tests.backend_test.TestProducts" name="test_product_detail_404" time="0.126" /><testcase classname="tests.backend_test.TestAuth" name="test_refresh_and_logout" time="0.656" /><testcase classname="tests.backend_test.TestProducts" name="test_deals" time="0.330" /><testcase classname="tests.backend_test.TestCart" name="test_cart_requires_auth" time="0.904" /><testcase classname="tests.backend_test.TestAuth" name="test_refresh_without_cookie" time="0.193" /><testcase classname="tests.backend_test.TestAuth" name="test_bcrypt_hash_format" time="0.073" /><testcase classname="tests.backend_test.TestAuth" name="test_brute_force_lockout" time="3.053"><failure message="AssertionError: no lockout after 6 failed logins, codes=[401, 401, 401, 401, 401, 401]&#10;assert (423 in [401, 401, 401, 401, 401, 401] or 429 in [401, 401, 401, 401, 401, 401])">tests/backend_test.py:254: in test_brute_force_lockout
    assert 423 in codes or 429 in codes, f"no lockout after 6 failed logins, codes={codes}"
E   AssertionError: no lockout after 6 failed logins, codes=[401, 401, 401, 401, 401, 401]
E   assert (423 in [401, 401, 401, 401, 401, 401] or 429 in [401, 401, 401, 401, 401, 401])</failure></testcase><testcase classname="tests.backend_test.TestCart" name="test_cart_flow" time="1.970" /><testcase classname="tests.backend_test.TestCart" name="test_add_invalid_product" time="0.230" /><testcase classname="tests.backend_test.TestCart" name="test_add_invalid_quantity" time="0.152" /><testcase classname="tests.backend_test.TestHealthSeed" name="test_health" time="0.263" /><testcase classname="tests.backend_test.TestHealthSeed" name="test_departments" time="0.082" /><testcase classname="tests.backend_test.TestOrders" name="test_orders_require_auth" time="0.338" /><testcase classname="tests.backend_test.TestCORS" name="test_cors_credentials" time="0.151"><failure message="AssertionError: assert None == 'true'&#10; +  where None = get('access-control-allow-credentials')&#10; +    where get = {'Date': 'Tue, 25 Aug 2026 20:31:30 GMT', 'Connection': 'keep-alive', 'Access-Control-Allow-Origin': '*', 'Access-Control-Allow-Headers': '*', 'Access-Control-Allow-Methods': 'GET, POST, PUT, DELETE, OPTIONS, HEAD, PATCH', 'Access-Control-Max-Age': '300', 'set-cookie': '__cf_bm=nN5q896K5B1o3vVIuum08L2lhXzaeJhBlZtXSRd1wik-1787689890.3128507-1.0.1.1-nMl5nafym3jgDdmpDpZlElXh9Og1IttZxmdVnHQ3Jz0mdfLYxCPNRz4WWeSNfLcnHc2yWHVM8lluUOB.hk0unpeG9y7huXds8WnIqPUtP13UdkV0rTF0sTkc81FD3M8G; HttpOnly; SameSite=None; Secure; Path=/; Domain=preview.emergentagent.com; Expires=Tue, 25 Aug 2026 21:01:30 GMT', 'X-Robots-Tag': 'noindex, nofollow', 'Server': 'cloudflare', 'CF-RAY': 'a30d5c567b2586f2-ORD'}.get&#10; +      where {'Date': 'Tue, 25 Aug 2026 20:31:30 GMT', 'Connection': 'keep-alive', 'Access-Control-Allow-Origin': '*', 'Access-Control-Allow-Headers': '*', 'Access-Control-Allow-Methods': 'GET, POST, PUT, DELETE, OPTIONS, HEAD, PATCH', 'Access-Control-Max-Age': '300', 'set-cookie': '__cf_bm=nN5q896K5B1o3vVIuum08L2lhXzaeJhBlZtXSRd1wik-1787689890.3128507-1.0.1.1-nMl5nafym3jgDdmpDpZlElXh9Og1IttZxmdVnHQ3Jz0mdfLYxCPNRz4WWeSNfLcnHc2yWHVM8lluUOB.hk0unpeG9y7huXds8WnIqPUtP13UdkV0rTF0sTkc81FD3M8G; HttpOnly; SameSite=None; Secure; Path=/; Domain=preview.emergentagent.com; Expires=Tue, 25 Aug 2026 21:01:30 GMT', 'X-Robots-Tag': 'noindex, nofollow', 'Server': 'cloudflare', 'CF-RAY': 'a30d5c567b2586f2-ORD'} = &lt;Response [204]&gt;.headers">tests/backend_test.py:383: in test_cors_credentials
    assert r.headers.get("access-control-allow-credentials") == "true"
E   AssertionError: assert None == 'true'
E    +  where None = get('access-control-allow-credentials')
E    +    where get = {'Date': 'Tue, 25 Aug 2026 20:31:30 GMT', 'Connection': 'keep-alive', 'Access-Control-Allow-Origin': '*', 'Access-Control-Allow-Headers': '*', 'Access-Control-Allow-Methods': 'GET, POST, PUT, DELETE, OPTIONS, HEAD, PATCH', 'Access-Control-Max-Age': '300', 'set-cookie': '__cf_bm=nN5q896K5B1o3vVIuum08L2lhXzaeJhBlZtXSRd1wik-1787689890.3128507-1.0.1.1-nMl5nafym3jgDdmpDpZlElXh9Og1IttZxmdVnHQ3Jz0mdfLYxCPNRz4WWeSNfLcnHc2yWHVM8lluUOB.hk0unpeG9y7huXds8WnIqPUtP13UdkV0rTF0sTkc81FD3M8G; HttpOnly; SameSite=None; Secure; Path=/; Domain=preview.emergentagent.com; Expires=Tue, 25 Aug 2026 21:01:30 GMT', 'X-Robots-Tag': 'noindex, nofollow', 'Server': 'cloudflare', 'CF-RAY': 'a30d5c567b2586f2-ORD'}.get
E    +      where {'Date': 'Tue, 25 Aug 2026 20:31:30 GMT', 'Connection': 'keep-alive', 'Access-Control-Allow-Origin': '*', 'Access-Control-Allow-Headers': '*', 'Access-Control-Allow-Methods': 'GET, POST, PUT, DELETE, OPTIONS, HEAD, PATCH', 'Access-Control-Max-Age': '300', 'set-cookie': '__cf_bm=nN5q896K5B1o3vVIuum08L2lhXzaeJhBlZtXSRd1wik-1787689890.3128507-1.0.1.1-nMl5nafym3jgDdmpDpZlElXh9Og1IttZxmdVnHQ3Jz0mdfLYxCPNRz4WWeSNfLcnHc2yWHVM8lluUOB.hk0unpeG9y7huXds8WnIqPUtP13UdkV0rTF0sTkc81FD3M8G; HttpOnly; SameSite=None; Secure; Path=/; Domain=preview.emergentagent.com; Expires=Tue, 25 Aug 2026 21:01:30 GMT', 'X-Robots-Tag': 'noindex, nofollow', 'Server': 'cloudflare', 'CF-RAY': 'a30d5c567b2586f2-ORD'} = &lt;Response [204]&gt;.headers</failure></testcase><testcase classname="tests.backend_test.TestOrders" name="test_checkout_flow" time="1.446" /><testcase classname="tests.backend_test.TestOrders" name="test_checkout_validation" time="0.538" /><testcase classname="tests.backend_test.TestOrders" name="test_orders_isolated_per_user" time="0.451" /></testsuite></testsuites>